2025-12-27 11:21:58,566 - root - INFO - 來自127.0.0.1訪客,訪問了首頁
2025-12-27 12:07:43,918 - root - INFO - 來自127.0.0.1訪客,訪問了首頁
2025-12-28 01:34:45,646 - root - INFO - 來自127.0.0.1訪客,訪問了首頁
2025-12-28 02:12:29,305 - root - INFO - 來自127.0.0.1訪客,訪問了首頁
2025-12-28 02:16:04,009 - sqlalchemy.engine.Engine - INFO - SELECT DATABASE()
2025-12-28 02:16:04,009 - sqlalchemy.engine.Engine - INFO - [raw sql] {}
2025-12-28 02:16:04,010 - sqlalchemy.engine.Engine - INFO - SELECT @@sql_mode
2025-12-28 02:16:04,010 - sqlalchemy.engine.Engine - INFO - [raw sql] {}
2025-12-28 02:16:04,011 - sqlalchemy.engine.Engine - INFO - SELECT @@lower_case_table_names
2025-12-28 02:16:04,011 - sqlalchemy.engine.Engine - INFO - [raw sql] {}
2025-12-28 02:16:04,012 - sqlalchemy.engine.Engine - INFO - BEGIN (implicit)
2025-12-28 02:16:04,014 - sqlalchemy.engine.Engine - INFO - SELECT `Adds`.id AS `Adds_id`, `Adds`.user_id AS `Adds_user_id`, `Adds`.add_date AS `Adds_add_date`, `Adds`.add_amount AS `Adds_add_amount`, `Adds`.add_type AS `Adds_add_type`, `Adds`.add_class AS `Adds_add_class`, `Adds`.add_class_icon AS `Adds_add_class_icon`, `Adds`.account_id AS `Adds_account_id`, `Adds`.add_member AS `Adds_add_member`, `Adds`.add_tag AS `Adds_add_tag`, `Adds`.add_note AS `Adds_add_note` 
FROM `Adds`
2025-12-28 02:16:04,014 - sqlalchemy.engine.Engine - INFO - [generated in 0.00018s] {}
2025-12-28 02:16:04,025 - sqlalchemy.engine.Engine - INFO - ROLLBACK
2025-12-28 21:45:58,672 - root - INFO - 來自127.0.0.1訪客,訪問了首頁
2025-12-28 21:47:24,426 - sqlalchemy.engine.Engine - INFO - SELECT DATABASE()
2025-12-28 21:47:24,426 - sqlalchemy.engine.Engine - INFO - [raw sql] {}
2025-12-28 21:47:24,427 - sqlalchemy.engine.Engine - INFO - SELECT @@sql_mode
2025-12-28 21:47:24,427 - sqlalchemy.engine.Engine - INFO - [raw sql] {}
2025-12-28 21:47:24,428 - sqlalchemy.engine.Engine - INFO - SELECT @@lower_case_table_names
2025-12-28 21:47:24,428 - sqlalchemy.engine.Engine - INFO - [raw sql] {}
2025-12-28 21:47:24,428 - sqlalchemy.engine.Engine - INFO - BEGIN (implicit)
2025-12-28 21:47:24,429 - sqlalchemy.engine.Engine - INFO - SELECT `Adds`.id AS `Adds_id`, `Adds`.user_id AS `Adds_user_id`, `Adds`.add_date AS `Adds_add_date`, `Adds`.add_amount AS `Adds_add_amount`, `Adds`.add_type AS `Adds_add_type`, `Adds`.add_class AS `Adds_add_class`, `Adds`.add_class_icon AS `Adds_add_class_icon`, `Adds`.account_id AS `Adds_account_id`, `Adds`.add_member AS `Adds_add_member`, `Adds`.add_tag AS `Adds_add_tag`, `Adds`.add_note AS `Adds_add_note` 
FROM `Adds`
2025-12-28 21:47:24,430 - sqlalchemy.engine.Engine - INFO - [generated in 0.00015s] {}
2025-12-28 21:47:24,439 - sqlalchemy.engine.Engine - INFO - ROLLBACK
2025-12-28 21:47:40,462 - root - INFO - 來自127.0.0.1訪客,訪問了首頁
2025-12-28 21:47:49,933 - sqlalchemy.engine.Engine - INFO - BEGIN (implicit)
2025-12-28 21:47:49,934 - sqlalchemy.engine.Engine - INFO - SELECT `Adds`.id AS `Adds_id`, `Adds`.user_id AS `Adds_user_id`, `Adds`.add_date AS `Adds_add_date`, `Adds`.add_amount AS `Adds_add_amount`, `Adds`.add_type AS `Adds_add_type`, `Adds`.add_class AS `Adds_add_class`, `Adds`.add_class_icon AS `Adds_add_class_icon`, `Adds`.account_id AS `Adds_account_id`, `Adds`.add_member AS `Adds_add_member`, `Adds`.add_tag AS `Adds_add_tag`, `Adds`.add_note AS `Adds_add_note` 
FROM `Adds`
2025-12-28 21:47:49,934 - sqlalchemy.engine.Engine - INFO - [cached since 25.5s ago] {}
2025-12-28 21:47:49,935 - sqlalchemy.engine.Engine - INFO - ROLLBACK
2025-12-28 23:49:39,870 - sqlalchemy.engine.Engine - INFO - SELECT DATABASE()
2025-12-28 23:49:39,870 - sqlalchemy.engine.Engine - INFO - [raw sql] {}
2025-12-28 23:49:39,871 - sqlalchemy.engine.Engine - INFO - SELECT @@sql_mode
2025-12-28 23:49:39,871 - sqlalchemy.engine.Engine - INFO - [raw sql] {}
2025-12-28 23:49:39,871 - sqlalchemy.engine.Engine - INFO - SELECT @@lower_case_table_names
2025-12-28 23:49:39,871 - sqlalchemy.engine.Engine - INFO - [raw sql] {}
2025-12-28 23:49:39,873 - sqlalchemy.engine.Engine - INFO - BEGIN (implicit)
2025-12-28 23:49:39,874 - sqlalchemy.engine.Engine - INFO - SELECT `Adds`.id AS `Adds_id`, `Adds`.user_id AS `Adds_user_id`, `Adds`.add_date AS `Adds_add_date`, `Adds`.add_amount AS `Adds_add_amount`, `Adds`.add_type AS `Adds_add_type`, `Adds`.add_class AS `Adds_add_class`, `Adds`.add_class_icon AS `Adds_add_class_icon`, `Adds`.account_id AS `Adds_account_id`, `Adds`.add_member AS `Adds_add_member`, `Adds`.add_tag AS `Adds_add_tag`, `Adds`.add_note AS `Adds_add_note` 
FROM `Adds`
2025-12-28 23:49:39,875 - sqlalchemy.engine.Engine - INFO - [generated in 0.00021s] {}
2025-12-28 23:49:39,886 - sqlalchemy.engine.Engine - INFO - ROLLBACK
2025-12-29 00:46:01,719 - sqlalchemy.engine.Engine - INFO - SELECT DATABASE()
2025-12-29 00:46:01,720 - sqlalchemy.engine.Engine - INFO - [raw sql] {}
2025-12-29 00:46:01,721 - sqlalchemy.engine.Engine - INFO - SELECT @@sql_mode
2025-12-29 00:46:01,721 - sqlalchemy.engine.Engine - INFO - [raw sql] {}
2025-12-29 00:46:01,721 - sqlalchemy.engine.Engine - INFO - SELECT @@lower_case_table_names
2025-12-29 00:46:01,721 - sqlalchemy.engine.Engine - INFO - [raw sql] {}
2025-12-29 00:46:01,722 - sqlalchemy.engine.Engine - INFO - BEGIN (implicit)
2025-12-29 00:46:01,725 - sqlalchemy.engine.Engine - INFO - SELECT `Adds`.id AS `Adds_id`, `Adds`.user_id AS `Adds_user_id`, `Adds`.add_date AS `Adds_add_date`, `Adds`.add_amount AS `Adds_add_amount`, `Adds`.add_type AS `Adds_add_type`, `Adds`.add_class AS `Adds_add_class`, `Adds`.add_class_icon AS `Adds_add_class_icon`, `Adds`.account_id AS `Adds_account_id`, `Adds`.add_member AS `Adds_add_member`, `Adds`.add_tag AS `Adds_add_tag`, `Adds`.add_note AS `Adds_add_note` 
FROM `Adds`
2025-12-29 00:46:01,725 - sqlalchemy.engine.Engine - INFO - [generated in 0.00020s] {}
2025-12-29 00:46:01,757 - sqlalchemy.engine.Engine - INFO - ROLLBACK
2025-12-29 00:46:06,462 - sqlalchemy.engine.Engine - INFO - BEGIN (implicit)
2025-12-29 00:46:06,462 - sqlalchemy.engine.Engine - INFO - SELECT `Adds`.id AS `Adds_id`, `Adds`.user_id AS `Adds_user_id`, `Adds`.add_date AS `Adds_add_date`, `Adds`.add_amount AS `Adds_add_amount`, `Adds`.add_type AS `Adds_add_type`, `Adds`.add_class AS `Adds_add_class`, `Adds`.add_class_icon AS `Adds_add_class_icon`, `Adds`.account_id AS `Adds_account_id`, `Adds`.add_member AS `Adds_add_member`, `Adds`.add_tag AS `Adds_add_tag`, `Adds`.add_note AS `Adds_add_note` 
FROM `Adds`
2025-12-29 00:46:06,462 - sqlalchemy.engine.Engine - INFO - [cached since 4.737s ago] {}
2025-12-29 00:46:06,464 - sqlalchemy.engine.Engine - INFO - ROLLBACK
2025-12-30 20:31:50,421 - sqlalchemy.engine.Engine - INFO - SELECT DATABASE()
2025-12-30 20:31:50,422 - sqlalchemy.engine.Engine - INFO - [raw sql] {}
2025-12-30 20:31:50,452 - sqlalchemy.engine.Engine - INFO - SELECT @@sql_mode
2025-12-30 20:31:50,452 - sqlalchemy.engine.Engine - INFO - [raw sql] {}
2025-12-30 20:31:50,452 - sqlalchemy.engine.Engine - INFO - SELECT @@lower_case_table_names
2025-12-30 20:31:50,452 - sqlalchemy.engine.Engine - INFO - [raw sql] {}
2025-12-30 20:31:50,472 - sqlalchemy.engine.Engine - INFO - BEGIN (implicit)
2025-12-30 20:31:50,473 - sqlalchemy.engine.Engine - INFO - SELECT `Adds`.id AS `Adds_id`, `Adds`.user_id AS `Adds_user_id`, `Adds`.add_date AS `Adds_add_date`, `Adds`.add_amount AS `Adds_add_amount`, `Adds`.add_type AS `Adds_add_type`, `Adds`.add_class AS `Adds_add_class`, `Adds`.add_class_icon AS `Adds_add_class_icon`, `Adds`.account_id AS `Adds_account_id`, `Adds`.add_member AS `Adds_add_member`, `Adds`.add_tag AS `Adds_add_tag`, `Adds`.add_note AS `Adds_add_note` 
FROM `Adds`
2025-12-30 20:31:50,480 - sqlalchemy.engine.Engine - INFO - [generated in 0.00030s] {}
2025-12-30 20:31:50,544 - sqlalchemy.engine.Engine - INFO - ROLLBACK
2025-12-30 20:34:24,052 - sqlalchemy.engine.Engine - INFO - BEGIN (implicit)
2025-12-30 20:34:24,052 - sqlalchemy.engine.Engine - INFO - SELECT `Adds`.id AS `Adds_id`, `Adds`.user_id AS `Adds_user_id`, `Adds`.add_date AS `Adds_add_date`, `Adds`.add_amount AS `Adds_add_amount`, `Adds`.add_type AS `Adds_add_type`, `Adds`.add_class AS `Adds_add_class`, `Adds`.add_class_icon AS `Adds_add_class_icon`, `Adds`.account_id AS `Adds_account_id`, `Adds`.add_member AS `Adds_add_member`, `Adds`.add_tag AS `Adds_add_tag`, `Adds`.add_note AS `Adds_add_note` 
FROM `Adds`
2025-12-30 20:34:24,052 - sqlalchemy.engine.Engine - INFO - [cached since 153.6s ago] {}
2025-12-30 20:34:24,054 - sqlalchemy.engine.Engine - INFO - ROLLBACK
2025-12-30 20:34:37,395 - sqlalchemy.engine.Engine - INFO - BEGIN (implicit)
2025-12-30 20:34:37,395 - sqlalchemy.engine.Engine - INFO - SELECT `Adds`.id AS `Adds_id`, `Adds`.user_id AS `Adds_user_id`, `Adds`.add_date AS `Adds_add_date`, `Adds`.add_amount AS `Adds_add_amount`, `Adds`.add_type AS `Adds_add_type`, `Adds`.add_class AS `Adds_add_class`, `Adds`.add_class_icon AS `Adds_add_class_icon`, `Adds`.account_id AS `Adds_account_id`, `Adds`.add_member AS `Adds_add_member`, `Adds`.add_tag AS `Adds_add_tag`, `Adds`.add_note AS `Adds_add_note` 
FROM `Adds`
2025-12-30 20:34:37,396 - sqlalchemy.engine.Engine - INFO - [cached since 166.9s ago] {}
2025-12-30 20:34:37,398 - sqlalchemy.engine.Engine - INFO - ROLLBACK
2025-12-30 20:35:10,189 - sqlalchemy.engine.Engine - INFO - BEGIN (implicit)
2025-12-30 20:35:10,190 - sqlalchemy.engine.Engine - INFO - SELECT `Adds`.id AS `Adds_id`, `Adds`.user_id AS `Adds_user_id`, `Adds`.add_date AS `Adds_add_date`, `Adds`.add_amount AS `Adds_add_amount`, `Adds`.add_type AS `Adds_add_type`, `Adds`.add_class AS `Adds_add_class`, `Adds`.add_class_icon AS `Adds_add_class_icon`, `Adds`.account_id AS `Adds_account_id`, `Adds`.add_member AS `Adds_add_member`, `Adds`.add_tag AS `Adds_add_tag`, `Adds`.add_note AS `Adds_add_note` 
FROM `Adds`
2025-12-30 20:35:10,190 - sqlalchemy.engine.Engine - INFO - [cached since 199.7s ago] {}
2025-12-30 20:35:10,192 - sqlalchemy.engine.Engine - INFO - ROLLBACK
2025-12-30 20:36:51,841 - sqlalchemy.engine.Engine - INFO - BEGIN (implicit)
2025-12-30 20:36:51,842 - sqlalchemy.engine.Engine - INFO - SELECT `Adds`.id AS `Adds_id`, `Adds`.user_id AS `Adds_user_id`, `Adds`.add_date AS `Adds_add_date`, `Adds`.add_amount AS `Adds_add_amount`, `Adds`.add_type AS `Adds_add_type`, `Adds`.add_class AS `Adds_add_class`, `Adds`.add_class_icon AS `Adds_add_class_icon`, `Adds`.account_id AS `Adds_account_id`, `Adds`.add_member AS `Adds_add_member`, `Adds`.add_tag AS `Adds_add_tag`, `Adds`.add_note AS `Adds_add_note` 
FROM `Adds`
2025-12-30 20:36:51,842 - sqlalchemy.engine.Engine - INFO - [cached since 301.4s ago] {}
2025-12-30 20:36:51,844 - sqlalchemy.engine.Engine - INFO - ROLLBACK
2025-12-30 20:39:27,446 - sqlalchemy.engine.Engine - INFO - BEGIN (implicit)
2025-12-30 20:39:27,447 - sqlalchemy.engine.Engine - INFO - SELECT `Adds`.id AS `Adds_id`, `Adds`.user_id AS `Adds_user_id`, `Adds`.add_date AS `Adds_add_date`, `Adds`.add_amount AS `Adds_add_amount`, `Adds`.add_type AS `Adds_add_type`, `Adds`.add_class AS `Adds_add_class`, `Adds`.add_class_icon AS `Adds_add_class_icon`, `Adds`.account_id AS `Adds_account_id`, `Adds`.add_member AS `Adds_add_member`, `Adds`.add_tag AS `Adds_add_tag`, `Adds`.add_note AS `Adds_add_note` 
FROM `Adds`
2025-12-30 20:39:27,447 - sqlalchemy.engine.Engine - INFO - [cached since 457s ago] {}
2025-12-30 20:39:27,449 - sqlalchemy.engine.Engine - INFO - ROLLBACK
2025-12-30 20:44:09,261 - sqlalchemy.engine.Engine - INFO - BEGIN (implicit)
2025-12-30 20:44:09,261 - sqlalchemy.engine.Engine - INFO - SELECT `Adds`.id AS `Adds_id`, `Adds`.user_id AS `Adds_user_id`, `Adds`.add_date AS `Adds_add_date`, `Adds`.add_amount AS `Adds_add_amount`, `Adds`.add_type AS `Adds_add_type`, `Adds`.add_class AS `Adds_add_class`, `Adds`.add_class_icon AS `Adds_add_class_icon`, `Adds`.account_id AS `Adds_account_id`, `Adds`.add_member AS `Adds_add_member`, `Adds`.add_tag AS `Adds_add_tag`, `Adds`.add_note AS `Adds_add_note` 
FROM `Adds`
2025-12-30 20:44:09,262 - sqlalchemy.engine.Engine - INFO - [cached since 738.8s ago] {}
2025-12-30 20:44:09,264 - sqlalchemy.engine.Engine - INFO - ROLLBACK
2025-12-31 09:52:19,107 - root - INFO - 來自127.0.0.1訪客,訪問了首頁
2025-12-31 10:03:47,207 - root - INFO - 來自127.0.0.1訪客,訪問了首頁
2025-12-31 10:59:37,466 - sqlalchemy.engine.Engine - INFO - SELECT DATABASE()
2025-12-31 10:59:37,467 - sqlalchemy.engine.Engine - INFO - [raw sql] {}
2025-12-31 10:59:37,474 - sqlalchemy.engine.Engine - INFO - SELECT @@sql_mode
2025-12-31 10:59:37,474 - sqlalchemy.engine.Engine - INFO - [raw sql] {}
2025-12-31 10:59:37,475 - sqlalchemy.engine.Engine - INFO - SELECT @@lower_case_table_names
2025-12-31 10:59:37,475 - sqlalchemy.engine.Engine - INFO - [raw sql] {}
2025-12-31 10:59:37,477 - sqlalchemy.engine.Engine - INFO - BEGIN (implicit)
2025-12-31 10:59:37,483 - sqlalchemy.engine.Engine - INFO - SELECT `Adds`.id AS `Adds_id`, `Adds`.user_id AS `Adds_user_id`, `Adds`.add_date AS `Adds_add_date`, `Adds`.add_amount AS `Adds_add_amount`, `Adds`.add_type AS `Adds_add_type`, `Adds`.add_class AS `Adds_add_class`, `Adds`.add_class_icon AS `Adds_add_class_icon`, `Adds`.account_id AS `Adds_account_id`, `Adds`.add_member AS `Adds_add_member`, `Adds`.add_tag AS `Adds_add_tag`, `Adds`.add_note AS `Adds_add_note` 
FROM `Adds`
2025-12-31 10:59:37,483 - sqlalchemy.engine.Engine - INFO - [generated in 0.00057s] {}
2025-12-31 10:59:37,528 - sqlalchemy.engine.Engine - INFO - ROLLBACK
2025-12-31 12:02:33,793 - sqlalchemy.engine.Engine - INFO - BEGIN (implicit)
2025-12-31 12:02:33,797 - sqlalchemy.engine.Engine - INFO - SELECT `Adds`.id AS `Adds_id`, `Adds`.user_id AS `Adds_user_id`, `Adds`.add_date AS `Adds_add_date`, `Adds`.add_amount AS `Adds_add_amount`, `Adds`.add_type AS `Adds_add_type`, `Adds`.add_class AS `Adds_add_class`, `Adds`.add_class_icon AS `Adds_add_class_icon`, `Adds`.account_id AS `Adds_account_id`, `Adds`.add_member AS `Adds_add_member`, `Adds`.add_tag AS `Adds_add_tag`, `Adds`.add_note AS `Adds_add_note` 
FROM `Adds`
2025-12-31 12:02:33,797 - sqlalchemy.engine.Engine - INFO - [cached since 3776s ago] {}
2025-12-31 12:02:33,855 - sqlalchemy.engine.Engine - INFO - ROLLBACK
2025-12-31 12:22:55,314 - sqlalchemy.engine.Engine - INFO - BEGIN (implicit)
2025-12-31 12:22:55,315 - sqlalchemy.engine.Engine - INFO - SELECT `Adds`.id AS `Adds_id`, `Adds`.user_id AS `Adds_user_id`, `Adds`.add_date AS `Adds_add_date`, `Adds`.add_amount AS `Adds_add_amount`, `Adds`.add_type AS `Adds_add_type`, `Adds`.add_class AS `Adds_add_class`, `Adds`.add_class_icon AS `Adds_add_class_icon`, `Adds`.account_id AS `Adds_account_id`, `Adds`.add_member AS `Adds_add_member`, `Adds`.add_tag AS `Adds_add_tag`, `Adds`.add_note AS `Adds_add_note` 
FROM `Adds`
2025-12-31 12:22:55,315 - sqlalchemy.engine.Engine - INFO - [cached since 4998s ago] {}
2025-12-31 12:22:55,318 - sqlalchemy.engine.Engine - INFO - ROLLBACK
2025-12-31 14:38:49,194 - sqlalchemy.engine.Engine - INFO - BEGIN (implicit)
2025-12-31 14:38:49,197 - sqlalchemy.engine.Engine - INFO - SELECT `Adds`.id AS `Adds_id`, `Adds`.user_id AS `Adds_user_id`, `Adds`.add_date AS `Adds_add_date`, `Adds`.add_amount AS `Adds_add_amount`, `Adds`.add_type AS `Adds_add_type`, `Adds`.add_class AS `Adds_add_class`, `Adds`.add_class_icon AS `Adds_add_class_icon`, `Adds`.account_id AS `Adds_account_id`, `Adds`.add_member AS `Adds_add_member`, `Adds`.add_tag AS `Adds_add_tag`, `Adds`.add_note AS `Adds_add_note` 
FROM `Adds`
2025-12-31 14:38:49,197 - sqlalchemy.engine.Engine - INFO - [cached since 1.315e+04s ago] {}
2025-12-31 14:38:49,213 - sqlalchemy.engine.Engine - INFO - ROLLBACK
2025-12-31 20:06:14,465 - sqlalchemy.engine.Engine - INFO - BEGIN (implicit)
2025-12-31 20:06:14,472 - sqlalchemy.engine.Engine - INFO - SELECT `Adds`.id AS `Adds_id`, `Adds`.user_id AS `Adds_user_id`, `Adds`.add_date AS `Adds_add_date`, `Adds`.add_amount AS `Adds_add_amount`, `Adds`.add_type AS `Adds_add_type`, `Adds`.add_class AS `Adds_add_class`, `Adds`.add_class_icon AS `Adds_add_class_icon`, `Adds`.account_id AS `Adds_account_id`, `Adds`.add_member AS `Adds_add_member`, `Adds`.add_tag AS `Adds_add_tag`, `Adds`.add_note AS `Adds_add_note` 
FROM `Adds`
2025-12-31 20:06:14,473 - sqlalchemy.engine.Engine - INFO - [cached since 3.28e+04s ago] {}
2025-12-31 20:06:14,513 - sqlalchemy.engine.Engine - INFO - ROLLBACK
2025-12-31 20:06:20,284 - sqlalchemy.engine.Engine - INFO - BEGIN (implicit)
2025-12-31 20:06:20,286 - sqlalchemy.engine.Engine - INFO - SELECT `Adds`.id AS `Adds_id`, `Adds`.user_id AS `Adds_user_id`, `Adds`.add_date AS `Adds_add_date`, `Adds`.add_amount AS `Adds_add_amount`, `Adds`.add_type AS `Adds_add_type`, `Adds`.add_class AS `Adds_add_class`, `Adds`.add_class_icon AS `Adds_add_class_icon`, `Adds`.account_id AS `Adds_account_id`, `Adds`.add_member AS `Adds_add_member`, `Adds`.add_tag AS `Adds_add_tag`, `Adds`.add_note AS `Adds_add_note` 
FROM `Adds`
2025-12-31 20:06:20,286 - sqlalchemy.engine.Engine - INFO - [cached since 3.28e+04s ago] {}
2025-12-31 20:06:20,290 - sqlalchemy.engine.Engine - INFO - ROLLBACK
